[debug] [2026-02-26T14:40:36.473Z] ----------------------------------------------------------------------
[debug] [2026-02-26T14:40:36.478Z] Command:       C:\Program Files\nodejs\node.exe C:\Users\Pihu\AppData\Roaming\npm\node_modules\firebase-tools\lib\bin\firebase.js init hosting
[debug] [2026-02-26T14:40:36.478Z] CLI Version:   15.7.0
[debug] [2026-02-26T14:40:36.479Z] Platform:      win32
[debug] [2026-02-26T14:40:36.479Z] Node Version:  v20.20.0
[debug] [2026-02-26T14:40:36.479Z] Time:          Thu Feb 26 2026 20:10:36 GMT+0530 (India Standard Time)
[debug] [2026-02-26T14:40:36.480Z] ----------------------------------------------------------------------
[debug] 
[debug] [2026-02-26T14:40:40.438Z] Object "" in "firebase.json" has unknown property: {"additionalProperty":"flutter"}
[debug] [2026-02-26T14:40:40.446Z] Object "" in "firebase.json" has unknown property: {"additionalProperty":"flutter"}
[info] 
     ######## #### ########  ######## ########     ###     ######  ########
     ##        ##  ##     ## ##       ##     ##  ##   ##  ##       ##
     ######    ##  ########  ######   ########  #########  ######  ######
     ##        ##  ##    ##  ##       ##     ## ##     ##       ## ##
     ##       #### ##     ## ######## ########  ##     ##  ######  ########

You're about to initialize a Firebase project in this directory:

  D:\Tokko-Society\society_app

Before we get started, keep in mind:

  * You are initializing within an existing Firebase project directory

[debug] [2026-02-26T14:42:03.959Z] ----------------------------------------------------------------------
[debug] [2026-02-26T14:42:03.963Z] Command:       C:\Program Files\nodejs\node.exe C:\Users\Pihu\AppData\Roaming\npm\node_modules\firebase-tools\lib\bin\firebase.js init hosting
[debug] [2026-02-26T14:42:03.964Z] CLI Version:   15.7.0
[debug] [2026-02-26T14:42:03.964Z] Platform:      win32
[debug] [2026-02-26T14:42:03.964Z] Node Version:  v20.20.0
[debug] [2026-02-26T14:42:03.965Z] Time:          Thu Feb 26 2026 20:12:03 GMT+0530 (India Standard Time)
[debug] [2026-02-26T14:42:03.965Z] ----------------------------------------------------------------------
[debug] 
[debug] [2026-02-26T14:42:06.447Z] Object "" in "firebase.json" has unknown property: {"additionalProperty":"flutter"}
[debug] [2026-02-26T14:42:06.455Z] Object "" in "firebase.json" has unknown property: {"additionalProperty":"flutter"}
[info] 
     ######## #### ########  ######## ########     ###     ######  ########
     ##        ##  ##     ## ##       ##     ##  ##   ##  ##       ##
     ######    ##  ########  ######   ########  #########  ######  ######
     ##        ##  ##    ##  ##       ##     ## ##     ##       ## ##
     ##       #### ##     ## ######## ########  ##     ##  ######  ########

You're about to initialize a Firebase project in this directory:

  D:\Tokko-Society\society_app

Before we get started, keep in mind:

  * You are initializing within an existing Firebase project directory

[info] 
=== Project Setup
[info] 
[info] First, let's associate this project directory with a Firebase project.
[info] You can create multiple project aliases by running firebase use --add, 
[info] 
[debug] [2026-02-26T14:42:57.839Z] > command requires scopes: ["email","openid","https://www.googleapis.com/auth/cloudplatformprojects.readonly","https://www.googleapis.com/auth/firebase","https://www.googleapis.com/auth/cloud-platform"]
[debug] [2026-02-26T14:42:57.839Z] > authorizing via signed-in user (tokkosociety@gmail.com)
[debug] [2026-02-26T14:42:57.841Z] Checked if tokens are valid: false, expires at: 1772042982925
[debug] [2026-02-26T14:42:57.842Z] Checked if tokens are valid: false, expires at: 1772042982925
[debug] [2026-02-26T14:42:57.843Z] > refreshing access token with scopes: []
[debug] [2026-02-26T14:42:57.846Z] >>> [apiv2][query] POST https://www.googleapis.com/oauth2/v3/token [none]
[debug] [2026-02-26T14:42:57.847Z] >>> [apiv2][body] POST https://www.googleapis.com/oauth2/v3/token [omitted]
[debug] [2026-02-26T14:42:58.237Z] <<< [apiv2][status] POST https://www.googleapis.com/oauth2/v3/token 200
[debug] [2026-02-26T14:42:58.237Z] <<< [apiv2][body] POST https://www.googleapis.com/oauth2/v3/token [omitted]
[debug] [2026-02-26T14:42:58.247Z] >>> [apiv2][query] GET https://firebase.googleapis.com/v1beta1/projects/tokko-society [none]
[debug] [2026-02-26T14:42:58.873Z] <<< [apiv2][status] GET https://firebase.googleapis.com/v1beta1/projects/tokko-society 200
[debug] [2026-02-26T14:42:58.874Z] <<< [apiv2][body] GET https://firebase.googleapis.com/v1beta1/projects/tokko-society {"projectId":"tokko-society","projectNumber":"842132813928","displayName":"Tokko Society","name":"projects/tokko-society","resources":{"hostingSite":"tokko-society"},"state":"ACTIVE","etag":"1_9289bc89-94e3-45d5-939c-1494fcfd1d4e"}
[info] i  Using project tokko-society (Tokko Society) . 
[info] 
=== Hosting Setup
[debug] [2026-02-26T14:42:58.881Z] Checked if tokens are valid: true, expires at: 1772120577237
[debug] [2026-02-26T14:42:58.881Z] Checked if tokens are valid: true, expires at: 1772120577237
[debug] [2026-02-26T14:42:58.882Z] >>> [apiv2][query] GET https://firebase.googleapis.com/v1beta1/projects/tokko-society [none]
[debug] [2026-02-26T14:42:59.522Z] <<< [apiv2][status] GET https://firebase.googleapis.com/v1beta1/projects/tokko-society 200
[debug] [2026-02-26T14:42:59.523Z] <<< [apiv2][body] GET https://firebase.googleapis.com/v1beta1/projects/tokko-society {"projectId":"tokko-society","projectNumber":"842132813928","displayName":"Tokko Society","name":"projects/tokko-society","resources":{"hostingSite":"tokko-society"},"state":"ACTIVE","etag":"1_9289bc89-94e3-45d5-939c-1494fcfd1d4e"}
[info] 
[info] Your public directory is the folder (relative to your project directory) that
[info] will contain Hosting assets to be uploaded with firebase deploy. If you
[info] have a build process for your assets, use your build's output directory.
[info] 
